2018/02/05 01:45:40 [error] [exception.CDbException] SQLSTATE[HY000] [1045] Access denied for user 'root'@'localhost' (using password: YES)
2018/02/05 01:45:40 [error] [exception.CDbException] exception 'CDbException' with message 'CDbConnection failed to open the DB connection.' in /Users/harfox/uni/l5project/yii/framework/db/CDbConnection.php:405
Stack trace:
#0 /Users/harfox/uni/l5project/yii/framework/db/CDbConnection.php(347): CDbConnection->open()
#1 /Users/harfox/uni/l5project/yii/framework/db/CDbConnection.php(325): CDbConnection->setActive(true)
#2 /Users/harfox/uni/l5project/yii/framework/base/CModule.php(394): CDbConnection->init()
#3 /Users/harfox/uni/l5project/yii/framework/base/CApplication.php(459): CModule->getComponent('db')
#4 /Users/harfox/uni/l5project/yii/framework/db/ar/CActiveRecord.php(639): CApplication->getDb()
#5 /Users/harfox/uni/l5project/yii/framework/db/ar/CActiveRecord.php(672): CActiveRecord->getDbConnection()
#6 /Users/harfox/uni/l5project/yii/framework/db/ar/CActiveRecord.php(1604): CActiveRecord->getCommandBuilder()
#7 /Users/harfox/uni/l5project/yii/framework/web/CActiveDataProvider.php(228): CActiveRecord->count(Object(CDbCriteria))
#8 /Users/harfox/uni/l5project/yii/framework/web/CDataProvider.php(224): CActiveDataProvider->calculateTotalItemCount()
#9 /Users/harfox/uni/l5project/yii/framework/web/CActiveDataProvider.php(178): CDataProvider->getTotalItemCount()
#10 /Users/harfox/uni/l5project/yii/framework/web/CDataProvider.php(168): CActiveDataProvider->fetchData()
#11 /Users/harfox/uni/l5project/yii/framework/zii/widgets/CBaseListView.php(125): CDataProvider->getData()
#12 /Users/harfox/uni/l5project/yii/framework/zii/widgets/CListView.php(211): CBaseListView->init()
#13 /Users/harfox/uni/l5project/yii/framework/web/CBaseController.php(147): CListView->init()
#14 /Users/harfox/uni/l5project/yii/framework/web/CBaseController.php(181): CBaseController->createWidget('zii.widgets.CLi...', Array)
#15 /Users/harfox/uni/l5project/yiiplayground/protected/views/post/index.php(9): CBaseController->widget('zii.widgets.CLi...', Array)
#16 /Users/harfox/uni/l5project/yii/framework/web/CBaseController.php(126): require('/Users/harfox/u...')
#17 /Users/harfox/uni/l5project/yii/framework/web/CBaseController.php(95): CBaseController->renderInternal('/Users/harfox/u...', Array, true)
#18 /Users/harfox/uni/l5project/yii/framework/web/CController.php(872): CBaseController->renderFile('/Users/harfox/u...', Array, true)
#19 /Users/harfox/uni/l5project/yii/framework/web/CController.php(785): CController->renderPartial('index', Array, true)
#20 /Users/harfox/uni/l5project/yiiplayground/protected/controllers/PostController.php(136): CController->render('index', Array)
#21 /Users/harfox/uni/l5project/yii/framework/web/actions/CInlineAction.php(49): PostController->actionIndex()
#22 /Users/harfox/uni/l5project/yii/framework/web/CController.php(308): CInlineAction->runWithParams(Array)
#23 /Users/harfox/uni/l5project/yii/framework/web/filters/CFilterChain.php(134): CController->runAction(Object(CInlineAction))
#24 /Users/harfox/uni/l5project/yii/framework/web/filters/CFilter.php(40): CFilterChain->run()
#25 /Users/harfox/uni/l5project/yii/framework/web/CController.php(1148): CFilter->filter(Object(CFilterChain))
#26 /Users/harfox/uni/l5project/yii/framework/web/filters/CInlineFilter.php(58): CController->filterAccessControl(Object(CFilterChain))
#27 /Users/harfox/uni/l5project/yii/framework/web/filters/CFilterChain.php(131): CInlineFilter->filter(Object(CFilterChain))
#28 /Users/harfox/uni/l5project/yii/framework/web/CController.php(291): CFilterChain->run()
#29 /Users/harfox/uni/l5project/yii/framework/web/CController.php(265): CController->runActionWithFilters(Object(CInlineAction), Array)
#30 /Users/harfox/uni/l5project/yii/framework/web/CWebApplication.php(282): CController->run('index')
#31 /Users/harfox/uni/l5project/yii/framework/web/CWebApplication.php(141): CWebApplication->runController('post/index')
#32 /Users/harfox/uni/l5project/yii/framework/base/CApplication.php(185): CWebApplication->processRequest()
#33 /Users/harfox/uni/l5project/yiiplayground/index.php(11): CApplication->run()
#34 {main}
REQUEST_URI=/yiiplayground/index.php/post/index
HTTP_REFERER=http://localhost:8080/yiiplayground/index.php/site/contact
---
2018/02/05 01:45:41 [error] [exception.CDbException] SQLSTATE[HY000] [1045] Access denied for user 'root'@'localhost' (using password: YES)
2018/02/05 01:45:41 [error] [exception.CDbException] exception 'CDbException' with message 'CDbConnection failed to open the DB connection.' in /Users/harfox/uni/l5project/yii/framework/db/CDbConnection.php:405
Stack trace:
#0 /Users/harfox/uni/l5project/yii/framework/db/CDbConnection.php(347): CDbConnection->open()
#1 /Users/harfox/uni/l5project/yii/framework/db/CDbConnection.php(325): CDbConnection->setActive(true)
#2 /Users/harfox/uni/l5project/yii/framework/base/CModule.php(394): CDbConnection->init()
#3 /Users/harfox/uni/l5project/yii/framework/base/CApplication.php(459): CModule->getComponent('db')
#4 /Users/harfox/uni/l5project/yii/framework/db/ar/CActiveRecord.php(639): CApplication->getDb()
#5 /Users/harfox/uni/l5project/yii/framework/db/ar/CActiveRecord.php(672): CActiveRecord->getDbConnection()
#6 /Users/harfox/uni/l5project/yii/framework/db/ar/CActiveRecord.php(1604): CActiveRecord->getCommandBuilder()
#7 /Users/harfox/uni/l5project/yii/framework/web/CActiveDataProvider.php(228): CActiveRecord->count(Object(CDbCriteria))
#8 /Users/harfox/uni/l5project/yii/framework/web/CDataProvider.php(224): CActiveDataProvider->calculateTotalItemCount()
#9 /Users/harfox/uni/l5project/yii/framework/web/CActiveDataProvider.php(178): CDataProvider->getTotalItemCount()
#10 /Users/harfox/uni/l5project/yii/framework/web/CDataProvider.php(168): CActiveDataProvider->fetchData()
#11 /Users/harfox/uni/l5project/yii/framework/zii/widgets/CBaseListView.php(125): CDataProvider->getData()
#12 /Users/harfox/uni/l5project/yii/framework/zii/widgets/CListView.php(211): CBaseListView->init()
#13 /Users/harfox/uni/l5project/yii/framework/web/CBaseController.php(147): CListView->init()
#14 /Users/harfox/uni/l5project/yii/framework/web/CBaseController.php(181): CBaseController->createWidget('zii.widgets.CLi...', Array)
#15 /Users/harfox/uni/l5project/yiiplayground/protected/views/post/index.php(9): CBaseController->widget('zii.widgets.CLi...', Array)
#16 /Users/harfox/uni/l5project/yii/framework/web/CBaseController.php(126): require('/Users/harfox/u...')
#17 /Users/harfox/uni/l5project/yii/framework/web/CBaseController.php(95): CBaseController->renderInternal('/Users/harfox/u...', Array, true)
#18 /Users/harfox/uni/l5project/yii/framework/web/CController.php(872): CBaseController->renderFile('/Users/harfox/u...', Array, true)
#19 /Users/harfox/uni/l5project/yii/framework/web/CController.php(785): CController->renderPartial('index', Array, true)
#20 /Users/harfox/uni/l5project/yiiplayground/protected/controllers/PostController.php(136): CController->render('index', Array)
#21 /Users/harfox/uni/l5project/yii/framework/web/actions/CInlineAction.php(49): PostController->actionIndex()
#22 /Users/harfox/uni/l5project/yii/framework/web/CController.php(308): CInlineAction->runWithParams(Array)
#23 /Users/harfox/uni/l5project/yii/framework/web/filters/CFilterChain.php(134): CController->runAction(Object(CInlineAction))
#24 /Users/harfox/uni/l5project/yii/framework/web/filters/CFilter.php(40): CFilterChain->run()
#25 /Users/harfox/uni/l5project/yii/framework/web/CController.php(1148): CFilter->filter(Object(CFilterChain))
#26 /Users/harfox/uni/l5project/yii/framework/web/filters/CInlineFilter.php(58): CController->filterAccessControl(Object(CFilterChain))
#27 /Users/harfox/uni/l5project/yii/framework/web/filters/CFilterChain.php(131): CInlineFilter->filter(Object(CFilterChain))
#28 /Users/harfox/uni/l5project/yii/framework/web/CController.php(291): CFilterChain->run()
#29 /Users/harfox/uni/l5project/yii/framework/web/CController.php(265): CController->runActionWithFilters(Object(CInlineAction), Array)
#30 /Users/harfox/uni/l5project/yii/framework/web/CWebApplication.php(282): CController->run('index')
#31 /Users/harfox/uni/l5project/yii/framework/web/CWebApplication.php(141): CWebApplication->runController('post/index')
#32 /Users/harfox/uni/l5project/yii/framework/base/CApplication.php(185): CWebApplication->processRequest()
#33 /Users/harfox/uni/l5project/yiiplayground/index.php(11): CApplication->run()
#34 {main}
REQUEST_URI=/yiiplayground/index.php/post/index
HTTP_REFERER=http://localhost:8080/yiiplayground/index.php/site/contact
---
2018/02/05 01:45:42 [error] [exception.CDbException] SQLSTATE[HY000] [1045] Access denied for user 'root'@'localhost' (using password: YES)
2018/02/05 01:45:42 [error] [exception.CDbException] exception 'CDbException' with message 'CDbConnection failed to open the DB connection.' in /Users/harfox/uni/l5project/yii/framework/db/CDbConnection.php:405
Stack trace:
#0 /Users/harfox/uni/l5project/yii/framework/db/CDbConnection.php(347): CDbConnection->open()
#1 /Users/harfox/uni/l5project/yii/framework/db/CDbConnection.php(325): CDbConnection->setActive(true)
#2 /Users/harfox/uni/l5project/yii/framework/base/CModule.php(394): CDbConnection->init()
#3 /Users/harfox/uni/l5project/yii/framework/base/CApplication.php(459): CModule->getComponent('db')
#4 /Users/harfox/uni/l5project/yii/framework/db/ar/CActiveRecord.php(639): CApplication->getDb()
#5 /Users/harfox/uni/l5project/yii/framework/db/ar/CActiveRecord.php(672): CActiveRecord->getDbConnection()
#6 /Users/harfox/uni/l5project/yii/framework/db/ar/CActiveRecord.php(1604): CActiveRecord->getCommandBuilder()
#7 /Users/harfox/uni/l5project/yii/framework/web/CActiveDataProvider.php(228): CActiveRecord->count(Object(CDbCriteria))
#8 /Users/harfox/uni/l5project/yii/framework/web/CDataProvider.php(224): CActiveDataProvider->calculateTotalItemCount()
#9 /Users/harfox/uni/l5project/yii/framework/web/CActiveDataProvider.php(178): CDataProvider->getTotalItemCount()
#10 /Users/harfox/uni/l5project/yii/framework/web/CDataProvider.php(168): CActiveDataProvider->fetchData()
#11 /Users/harfox/uni/l5project/yii/framework/zii/widgets/CBaseListView.php(125): CDataProvider->getData()
#12 /Users/harfox/uni/l5project/yii/framework/zii/widgets/CListView.php(211): CBaseListView->init()
#13 /Users/harfox/uni/l5project/yii/framework/web/CBaseController.php(147): CListView->init()
#14 /Users/harfox/uni/l5project/yii/framework/web/CBaseController.php(181): CBaseController->createWidget('zii.widgets.CLi...', Array)
#15 /Users/harfox/uni/l5project/yiiplayground/protected/views/post/index.php(9): CBaseController->widget('zii.widgets.CLi...', Array)
#16 /Users/harfox/uni/l5project/yii/framework/web/CBaseController.php(126): require('/Users/harfox/u...')
#17 /Users/harfox/uni/l5project/yii/framework/web/CBaseController.php(95): CBaseController->renderInternal('/Users/harfox/u...', Array, true)
#18 /Users/harfox/uni/l5project/yii/framework/web/CController.php(872): CBaseController->renderFile('/Users/harfox/u...', Array, true)
#19 /Users/harfox/uni/l5project/yii/framework/web/CController.php(785): CController->renderPartial('index', Array, true)
#20 /Users/harfox/uni/l5project/yiiplayground/protected/controllers/PostController.php(136): CController->render('index', Array)
#21 /Users/harfox/uni/l5project/yii/framework/web/actions/CInlineAction.php(49): PostController->actionIndex()
#22 /Users/harfox/uni/l5project/yii/framework/web/CController.php(308): CInlineAction->runWithParams(Array)
#23 /Users/harfox/uni/l5project/yii/framework/web/filters/CFilterChain.php(134): CController->runAction(Object(CInlineAction))
#24 /Users/harfox/uni/l5project/yii/framework/web/filters/CFilter.php(40): CFilterChain->run()
#25 /Users/harfox/uni/l5project/yii/framework/web/CController.php(1148): CFilter->filter(Object(CFilterChain))
#26 /Users/harfox/uni/l5project/yii/framework/web/filters/CInlineFilter.php(58): CController->filterAccessControl(Object(CFilterChain))
#27 /Users/harfox/uni/l5project/yii/framework/web/filters/CFilterChain.php(131): CInlineFilter->filter(Object(CFilterChain))
#28 /Users/harfox/uni/l5project/yii/framework/web/CController.php(291): CFilterChain->run()
#29 /Users/harfox/uni/l5project/yii/framework/web/CController.php(265): CController->runActionWithFilters(Object(CInlineAction), Array)
#30 /Users/harfox/uni/l5project/yii/framework/web/CWebApplication.php(282): CController->run('index')
#31 /Users/harfox/uni/l5project/yii/framework/web/CWebApplication.php(141): CWebApplication->runController('post/index')
#32 /Users/harfox/uni/l5project/yii/framework/base/CApplication.php(185): CWebApplication->processRequest()
#33 /Users/harfox/uni/l5project/yiiplayground/index.php(11): CApplication->run()
#34 {main}
REQUEST_URI=/yiiplayground/index.php/post/index
HTTP_REFERER=http://localhost:8080/yiiplayground/index.php/site/contact
---
2018/02/05 01:45:43 [error] [exception.CDbException] SQLSTATE[HY000] [1045] Access denied for user 'root'@'localhost' (using password: YES)
2018/02/05 01:45:43 [error] [exception.CDbException] exception 'CDbException' with message 'CDbConnection failed to open the DB connection.' in /Users/harfox/uni/l5project/yii/framework/db/CDbConnection.php:405
Stack trace:
#0 /Users/harfox/uni/l5project/yii/framework/db/CDbConnection.php(347): CDbConnection->open()
#1 /Users/harfox/uni/l5project/yii/framework/db/CDbConnection.php(325): CDbConnection->setActive(true)
#2 /Users/harfox/uni/l5project/yii/framework/base/CModule.php(394): CDbConnection->init()
#3 /Users/harfox/uni/l5project/yii/framework/base/CApplication.php(459): CModule->getComponent('db')
#4 /Users/harfox/uni/l5project/yii/framework/db/ar/CActiveRecord.php(639): CApplication->getDb()
#5 /Users/harfox/uni/l5project/yii/framework/db/ar/CActiveRecord.php(672): CActiveRecord->getDbConnection()
#6 /Users/harfox/uni/l5project/yii/framework/db/ar/CActiveRecord.php(1604): CActiveRecord->getCommandBuilder()
#7 /Users/harfox/uni/l5project/yii/framework/web/CActiveDataProvider.php(228): CActiveRecord->count(Object(CDbCriteria))
#8 /Users/harfox/uni/l5project/yii/framework/web/CDataProvider.php(224): CActiveDataProvider->calculateTotalItemCount()
#9 /Users/harfox/uni/l5project/yii/framework/web/CActiveDataProvider.php(178): CDataProvider->getTotalItemCount()
#10 /Users/harfox/uni/l5project/yii/framework/web/CDataProvider.php(168): CActiveDataProvider->fetchData()
#11 /Users/harfox/uni/l5project/yii/framework/zii/widgets/CBaseListView.php(125): CDataProvider->getData()
#12 /Users/harfox/uni/l5project/yii/framework/zii/widgets/CListView.php(211): CBaseListView->init()
#13 /Users/harfox/uni/l5project/yii/framework/web/CBaseController.php(147): CListView->init()
#14 /Users/harfox/uni/l5project/yii/framework/web/CBaseController.php(181): CBaseController->createWidget('zii.widgets.CLi...', Array)
#15 /Users/harfox/uni/l5project/yiiplayground/protected/views/post/index.php(9): CBaseController->widget('zii.widgets.CLi...', Array)
#16 /Users/harfox/uni/l5project/yii/framework/web/CBaseController.php(126): require('/Users/harfox/u...')
#17 /Users/harfox/uni/l5project/yii/framework/web/CBaseController.php(95): CBaseController->renderInternal('/Users/harfox/u...', Array, true)
#18 /Users/harfox/uni/l5project/yii/framework/web/CController.php(872): CBaseController->renderFile('/Users/harfox/u...', Array, true)
#19 /Users/harfox/uni/l5project/yii/framework/web/CController.php(785): CController->renderPartial('index', Array, true)
#20 /Users/harfox/uni/l5project/yiiplayground/protected/controllers/PostController.php(136): CController->render('index', Array)
#21 /Users/harfox/uni/l5project/yii/framework/web/actions/CInlineAction.php(49): PostController->actionIndex()
#22 /Users/harfox/uni/l5project/yii/framework/web/CController.php(308): CInlineAction->runWithParams(Array)
#23 /Users/harfox/uni/l5project/yii/framework/web/filters/CFilterChain.php(134): CController->runAction(Object(CInlineAction))
#24 /Users/harfox/uni/l5project/yii/framework/web/filters/CFilter.php(40): CFilterChain->run()
#25 /Users/harfox/uni/l5project/yii/framework/web/CController.php(1148): CFilter->filter(Object(CFilterChain))
#26 /Users/harfox/uni/l5project/yii/framework/web/filters/CInlineFilter.php(58): CController->filterAccessControl(Object(CFilterChain))
#27 /Users/harfox/uni/l5project/yii/framework/web/filters/CFilterChain.php(131): CInlineFilter->filter(Object(CFilterChain))
#28 /Users/harfox/uni/l5project/yii/framework/web/CController.php(291): CFilterChain->run()
#29 /Users/harfox/uni/l5project/yii/framework/web/CController.php(265): CController->runActionWithFilters(Object(CInlineAction), Array)
#30 /Users/harfox/uni/l5project/yii/framework/web/CWebApplication.php(282): CController->run('index')
#31 /Users/harfox/uni/l5project/yii/framework/web/CWebApplication.php(141): CWebApplication->runController('post/index')
#32 /Users/harfox/uni/l5project/yii/framework/base/CApplication.php(185): CWebApplication->processRequest()
#33 /Users/harfox/uni/l5project/yiiplayground/index.php(11): CApplication->run()
#34 {main}
REQUEST_URI=/yiiplayground/index.php/post/index
HTTP_REFERER=http://localhost:8080/yiiplayground/index.php/site/contact
---
2018/02/05 01:45:48 [error] [exception.CDbException] SQLSTATE[HY000] [1045] Access denied for user 'root'@'localhost' (using password: YES)
2018/02/05 01:45:48 [error] [exception.CDbException] exception 'CDbException' with message 'CDbConnection failed to open the DB connection.' in /Users/harfox/uni/l5project/yii/framework/db/CDbConnection.php:405
Stack trace:
#0 /Users/harfox/uni/l5project/yii/framework/db/CDbConnection.php(347): CDbConnection->open()
#1 /Users/harfox/uni/l5project/yii/framework/db/CDbConnection.php(325): CDbConnection->setActive(true)
#2 /Users/harfox/uni/l5project/yii/framework/base/CModule.php(394): CDbConnection->init()
#3 /Users/harfox/uni/l5project/yii/framework/base/CApplication.php(459): CModule->getComponent('db')
#4 /Users/harfox/uni/l5project/yii/framework/db/ar/CActiveRecord.php(639): CApplication->getDb()
#5 /Users/harfox/uni/l5project/yii/framework/db/ar/CActiveRecord.php(672): CActiveRecord->getDbConnection()
#6 /Users/harfox/uni/l5project/yii/framework/db/ar/CActiveRecord.php(1604): CActiveRecord->getCommandBuilder()
#7 /Users/harfox/uni/l5project/yii/framework/web/CActiveDataProvider.php(228): CActiveRecord->count(Object(CDbCriteria))
#8 /Users/harfox/uni/l5project/yii/framework/web/CDataProvider.php(224): CActiveDataProvider->calculateTotalItemCount()
#9 /Users/harfox/uni/l5project/yii/framework/web/CActiveDataProvider.php(178): CDataProvider->getTotalItemCount()
#10 /Users/harfox/uni/l5project/yii/framework/web/CDataProvider.php(168): CActiveDataProvider->fetchData()
#11 /Users/harfox/uni/l5project/yii/framework/zii/widgets/CBaseListView.php(125): CDataProvider->getData()
#12 /Users/harfox/uni/l5project/yii/framework/zii/widgets/CListView.php(211): CBaseListView->init()
#13 /Users/harfox/uni/l5project/yii/framework/web/CBaseController.php(147): CListView->init()
#14 /Users/harfox/uni/l5project/yii/framework/web/CBaseController.php(181): CBaseController->createWidget('zii.widgets.CLi...', Array)
#15 /Users/harfox/uni/l5project/yiiplayground/protected/views/post/index.php(9): CBaseController->widget('zii.widgets.CLi...', Array)
#16 /Users/harfox/uni/l5project/yii/framework/web/CBaseController.php(126): require('/Users/harfox/u...')
#17 /Users/harfox/uni/l5project/yii/framework/web/CBaseController.php(95): CBaseController->renderInternal('/Users/harfox/u...', Array, true)
#18 /Users/harfox/uni/l5project/yii/framework/web/CController.php(872): CBaseController->renderFile('/Users/harfox/u...', Array, true)
#19 /Users/harfox/uni/l5project/yii/framework/web/CController.php(785): CController->renderPartial('index', Array, true)
#20 /Users/harfox/uni/l5project/yiiplayground/protected/controllers/PostController.php(136): CController->render('index', Array)
#21 /Users/harfox/uni/l5project/yii/framework/web/actions/CInlineAction.php(49): PostController->actionIndex()
#22 /Users/harfox/uni/l5project/yii/framework/web/CController.php(308): CInlineAction->runWithParams(Array)
#23 /Users/harfox/uni/l5project/yii/framework/web/filters/CFilterChain.php(134): CController->runAction(Object(CInlineAction))
#24 /Users/harfox/uni/l5project/yii/framework/web/filters/CFilter.php(40): CFilterChain->run()
#25 /Users/harfox/uni/l5project/yii/framework/web/CController.php(1148): CFilter->filter(Object(CFilterChain))
#26 /Users/harfox/uni/l5project/yii/framework/web/filters/CInlineFilter.php(58): CController->filterAccessControl(Object(CFilterChain))
#27 /Users/harfox/uni/l5project/yii/framework/web/filters/CFilterChain.php(131): CInlineFilter->filter(Object(CFilterChain))
#28 /Users/harfox/uni/l5project/yii/framework/web/CController.php(291): CFilterChain->run()
#29 /Users/harfox/uni/l5project/yii/framework/web/CController.php(265): CController->runActionWithFilters(Object(CInlineAction), Array)
#30 /Users/harfox/uni/l5project/yii/framework/web/CWebApplication.php(282): CController->run('index')
#31 /Users/harfox/uni/l5project/yii/framework/web/CWebApplication.php(141): CWebApplication->runController('post/index')
#32 /Users/harfox/uni/l5project/yii/framework/base/CApplication.php(185): CWebApplication->processRequest()
#33 /Users/harfox/uni/l5project/yiiplayground/index.php(11): CApplication->run()
#34 {main}
REQUEST_URI=/yiiplayground/index.php/post/index
HTTP_REFERER=http://localhost:8080/yiiplayground/index.php/site/contact
---
2018/02/05 02:25:53 [error] [php] Use of undefined constant ERROR_PUSH_SENT - assumed 'ERROR_PUSH_SENT' (/Users/harfox/uni/l5project/yiiplayground/protected/components/UserIdentity.php:32)
Stack trace:
#0 /Users/harfox/uni/l5project/yii/framework/validators/CValidator.php(201): CInlineValidator->validateAttribute()
#1 /Users/harfox/uni/l5project/yii/framework/base/CModel.php(159): CInlineValidator->validate()
#2 /Users/harfox/uni/l5project/yiiplayground/protected/controllers/SiteController.php(82): LoginForm->validate()
#3 /Users/harfox/uni/l5project/yii/framework/web/actions/CInlineAction.php(49): SiteController->actionLogin()
#4 /Users/harfox/uni/l5project/yii/framework/web/CController.php(308): CInlineAction->runWithParams()
#5 /Users/harfox/uni/l5project/yii/framework/web/CController.php(286): SiteController->runAction()
#6 /Users/harfox/uni/l5project/yii/framework/web/CController.php(265): SiteController->runActionWithFilters()
#7 /Users/harfox/uni/l5project/yii/framework/web/CWebApplication.php(282): SiteController->run()
#8 /Users/harfox/uni/l5project/yii/framework/web/CWebApplication.php(141): CWebApplication->runController()
#9 /Users/harfox/uni/l5project/yii/framework/base/CApplication.php(185): CWebApplication->processRequest()
#10 /Users/harfox/uni/l5project/yiiplayground/index.php(11): CWebApplication->run()
REQUEST_URI=/yiiplayground/index.php
